app/build/outputs/logs/manifest-merger-debug-report.txt
-- Merging decision tree log ---
provider#com.aware.plugin.upmc.cancer.Provider
INJECTED from src/main/AndroidManifest.xml:62:9-67:70
	android:readPermission
		ADDED from src/main/AndroidManifest.xml:66:13-65
	android:authorities
		INJECTED from src/main/AndroidManifest.xml
		ADDED from src/main/AndroidManifest.xml:64:13-67
	android:exported
		ADDED from src/main/AndroidManifest.xml:65:13-36
	android:writePermission
		ADDED from src/main/AndroidManifest.xml:67:13-67
	android:name
		ADDED from src/main/AndroidManifest.xml:63:13-65
manifest
ADDED from src/main/AndroidManifest.xml:2:1-77:12
INJECTED from src/main/AndroidManifest.xml:2:1-77:12
INJECTED from src/main/AndroidManifest.xml:2:1-77:12
INJECTED from src/main/AndroidManifest.xml:2:1-77:12
MERGED from [com.google.android.gms:play-services-location:10.0.1] AndroidManifest.xml:2:1-5:12
MERGED from [com.github.denzilferreira:aware-client:development-SNAPSHOT] AndroidManifest.xml:2:1-767:12
MERGED from [com.android.support:appcompat-v7:27.0.1] AndroidManifest.xml:17:1-22:12
MERGED from [com.github.denzilferreira:com.aware.plugin.google.activity_recognition:development-SNAPSHOT] AndroidManifest.xml:2:1-57:12
MERGED from [com.github.denzilferreira:com.aware.plugin.device_usage:development-SNAPSHOT] AndroidManifest.xml:2:1-48:12
MERGED from [com.github.denzilferreira:com.aware.plugin.google.fused_location:development-SNAPSHOT] AndroidManifest.xml:2:1-73:12
MERGED from [com.github.denzilferreira:com.aware.plugin.fitbit:development-SNAPSHOT] AndroidManifest.xml:2:1-69:12
MERGED from [com.github.denzilferreira:com.aware.plugin.studentlife.audio_final:development-SNAPSHOT] AndroidManifest.xml:2:1-54:12
MERGED from [com.google.android.gms:play-services-base:10.0.1] AndroidManifest.xml:16:1-21:12
MERGED from [com.google.android.gms:play-services-tasks:10.0.1] AndroidManifest.xml:2:1-5:12
MERGED from [com.google.android.gms:play-services-basement:10.0.1] AndroidManifest.xml:16:1-23:12
MERGED from [com.android.support:support-v4:25.2.0] AndroidManifest.xml:17:1-27:12
MERGED from [com.android.support:support-media-compat:25.2.0] AndroidManifest.xml:17:1-27:12
MERGED from [com.android.support:animated-vector-drawable:27.0.1] AndroidManifest.xml:17:1-22:12
MERGED from [com.android.support:support-vector-drawable:27.0.1] AndroidManifest.xml:17:1-22:12
MERGED from [com.android.support:gridlayout-v7:27.0.1] AndroidManifest.xml:17:1-22:12
MERGED from [com.android.support:support-fragment:27.0.1] AndroidManifest.xml:17:1-22:12
MERGED from [com.android.support:support-core-utils:27.0.1] AndroidManifest.xml:17:1-22:12
MERGED from [com.android.support:support-core-ui:27.0.1] AndroidManifest.xml:17:1-22:12
MERGED from [com.android.support:support-compat:27.0.1] AndroidManifest.xml:17:1-22:12
MERGED from [com.koushikdutta.ion:ion:2.2.1] AndroidManifest.xml:2:1-16:12
MERGED from [com.koushikdutta.async:androidasync:2.2.1] AndroidManifest.xml:2:1-16:12
MERGED from [android.arch.lifecycle:runtime:1.0.0] AndroidManifest.xml:17:1-30:12
INJECTED from src/main/AndroidManifest.xml:2:1-77:12
INJECTED from src/main/AndroidManifest.xml:2:1-77:12
INJECTED from src/main/AndroidManifest.xml:2:1-77:12
	package
		ADDED from src/main/AndroidManifest.xml:4:5-43
		INJECTED from src/main/AndroidManifest.xml
		INJECTED from src/main/AndroidManifest.xml
	android:versionName
		INJECTED from src/main/AndroidManifest.xml
		ADDED from src/main/AndroidManifest.xml:2:1-77:12
		INJECTED from src/main/AndroidManifest.xml
	xmlns:tools
		ADDED from src/main/AndroidManifest.xml:3:5-51
	android:versionCode
		INJECTED from src/main/AndroidManifest.xml
		ADDED from src/main/AndroidManifest.xml:2:1-77:12
		INJECTED from src/main/AndroidManifest.xml
	xmlns:android
		ADDED from src/main/AndroidManifest.xml:2:11-69
uses-permission#android.permission.VIBRATE
ADDED from src/main/AndroidManifest.xml:6:5-66
	android:name
		ADDED from src/main/AndroidManifest.xml:6:22-63
uses-permission#android.permission.READ_CALL_LOG
ADDED from src/main/AndroidManifest.xml:7:5-72
	android:name
		ADDED from src/main/AndroidManifest.xml:7:22-69
uses-permission#android.permission.READ_CONTACTS
ADDED from src/main/AndroidManifest.xml:8:5-72
	android:name
		ADDED from src/main/AndroidManifest.xml:8:22-69
uses-permission#android.permission.READ_SMS
ADDED from src/main/AndroidManifest.xml:9:5-67
	android:name
		ADDED from src/main/AndroidManifest.xml:9:22-64
uses-permission#android.permission.READ_PHONE_STATE
ADDED from src/main/AndroidManifest.xml:10:5-75
	android:name
		ADDED from src/main/AndroidManifest.xml:10:22-72
uses-permission#android.permission.ACCESS_WIFI_STATE
ADDED from src/main/AndroidManifest.xml:11:5-76
	android:name
		ADDED from src/main/AndroidManifest.xml:11:22-73
uses-permission#android.permission.RECORD_AUDIO
ADDED from src/main/AndroidManifest.xml:12:5-71
MERGED from [com.github.denzilferreira:com.aware.plugin.studentlife.audio_final:development-SNAPSHOT] AndroidManifest.xml:13:5-71
MERGED from [com.github.denzilferreira:com.aware.plugin.studentlife.audio_final:development-SNAPSHOT] AndroidManifest.xml:13:5-71
	android:name
		ADDED from src/main/AndroidManifest.xml:12:22-68
application
ADDED from src/main/AndroidManifest.xml:14:5-75:19
MERGED from [com.google.android.gms:play-services-location:10.0.1] AndroidManifest.xml:4:5-19
MERGED from [com.google.android.gms:play-services-location:10.0.1] AndroidManifest.xml:4:5-19
MERGED from [com.github.denzilferreira:aware-client:development-SNAPSHOT] AndroidManifest.xml:32:5-765:19
MERGED from [com.github.denzilferreira:aware-client:development-SNAPSHOT] AndroidManifest.xml:32:5-765:19
MERGED from [com.github.denzilferreira:com.aware.plugin.google.activity_recognition:development-SNAPSHOT] AndroidManifest.xml:15:5-55:19
MERGED from [com.github.denzilferreira:com.aware.plugin.google.activity_recognition:development-SNAPSHOT] AndroidManifest.xml:15:5-55:19
MERGED from [com.github.denzilferreira:com.aware.plugin.device_usage:development-SNAPSHOT] AndroidManifest.xml:14:5-46:19
MERGED from [com.github.denzilferreira:com.aware.plugin.device_usage:development-SNAPSHOT] AndroidManifest.xml:14:5-46:19
MERGED from [com.github.denzilferreira:com.aware.plugin.google.fused_location:development-SNAPSHOT] AndroidManifest.xml:17:5-71:19
MERGED from [com.github.denzilferreira:com.aware.plugin.google.fused_location:development-SNAPSHOT] AndroidManifest.xml:17:5-71:19
MERGED from [com.github.denzilferreira:com.aware.plugin.fitbit:development-SNAPSHOT] AndroidManifest.xml:14:5-67:19
MERGED from [com.github.denzilferreira:com.aware.plugin.fitbit:development-SNAPSHOT] AndroidManifest.xml:14:5-67:19
MERGED from [com.github.denzilferreira:com.aware.plugin.studentlife.audio_final:development-SNAPSHOT] AndroidManifest.xml:16:5-52:19
MERGED from [com.github.denzilferreira:com.aware.plugin.studentlife.audio_final:development-SNAPSHOT] AndroidManifest.xml:16:5-52:19
MERGED from [com.google.android.gms:play-services-base:10.0.1] AndroidManifest.xml:18:5-20:19
MERGED from [com.google.android.gms:play-services-base:10.0.1] AndroidManifest.xml:18:5-20:19
MERGED from [com.google.android.gms:play-services-tasks:10.0.1] AndroidManifest.xml:4:5-19
MERGED from [com.google.android.gms:play-services-tasks:10.0.1] AndroidManifest.xml:4:5-19
MERGED from [com.google.android.gms:play-services-basement:10.0.1] AndroidManifest.xml:19:5-21:19
MERGED from [com.google.android.gms:play-services-basement:10.0.1] AndroidManifest.xml:19:5-21:19
MERGED from [com.android.support:support-v4:25.2.0] AndroidManifest.xml:25:5-20
MERGED from [com.android.support:support-v4:25.2.0] AndroidManifest.xml:25:5-20
MERGED from [com.android.support:support-media-compat:25.2.0] AndroidManifest.xml:25:5-20
MERGED from [com.android.support:support-media-compat:25.2.0] AndroidManifest.xml:25:5-20
MERGED from [com.koushikdutta.ion:ion:2.2.1] AndroidManifest.xml:13:5-14:19
MERGED from [com.koushikdutta.ion:ion:2.2.1] AndroidManifest.xml:13:5-14:19
MERGED from [com.koushikdutta.async:androidasync:2.2.1] AndroidManifest.xml:13:5-14:19
MERGED from [com.koushikdutta.async:androidasync:2.2.1] AndroidManifest.xml:13:5-14:19
MERGED from [android.arch.lifecycle:runtime:1.0.0] AndroidManifest.xml:24:5-28:19
MERGED from [android.arch.lifecycle:runtime:1.0.0] AndroidManifest.xml:24:5-28:19
	android:label
		ADDED from src/main/AndroidManifest.xml:16:9-41
		REJECTED from [com.github.denzilferreira:com.aware.plugin.device_usage:development-SNAPSHOT] AndroidManifest.xml:16:9-41
		REJECTED from [com.github.denzilferreira:com.aware.plugin.google.fused_location:development-SNAPSHOT] AndroidManifest.xml:19:9-41
		REJECTED from [com.github.denzilferreira:com.aware.plugin.fitbit:development-SNAPSHOT] AndroidManifest.xml:16:9-41
		REJECTED from [com.github.denzilferreira:com.aware.plugin.studentlife.audio_final:development-SNAPSHOT] AndroidManifest.xml:18:9-41
	android:icon
		ADDED from src/main/AndroidManifest.xml:15:9-43
		REJECTED from [com.github.denzilferreira:com.aware.plugin.google.activity_recognition:development-SNAPSHOT] AndroidManifest.xml:16:9-45
		REJECTED from [com.github.denzilferreira:com.aware.plugin.device_usage:development-SNAPSHOT] AndroidManifest.xml:15:9-43
		REJECTED from [com.github.denzilferreira:com.aware.plugin.google.fused_location:development-SNAPSHOT] AndroidManifest.xml:18:9-43
		REJECTED from [com.github.denzilferreira:com.aware.plugin.fitbit:development-SNAPSHOT] AndroidManifest.xml:15:9-43
		REJECTED from [com.github.denzilferreira:com.aware.plugin.studentlife.audio_final:development-SNAPSHOT] AndroidManifest.xml:17:9-45
	android:networkSecurityConfig
		ADDED from [com.github.denzilferreira:aware-client:development-SNAPSHOT] AndroidManifest.xml:34:9-62
	android:theme
		ADDED from src/main/AndroidManifest.xml:17:9-40
	tools:replace
		ADDED from src/main/AndroidManifest.xml:18:9-37
activity#com.aware.plugin.upmc.cancer.UPMC
ADDED from src/main/AndroidManifest.xml:20:9-30:20
	android:label
		ADDED from src/main/AndroidManifest.xml:23:13-45
	android:launchMode
		ADDED from src/main/AndroidManifest.xml:24:13-43
	android:exported
		ADDED from src/main/AndroidManifest.xml:22:13-36
	android:theme
		ADDED from src/main/AndroidManifest.xml:25:13-44
	android:name
		ADDED from src/main/AndroidManifest.xml:21:13-33
intent-filter#android.intent.action.MAIN+android.intent.category.LAUNCHER
ADDED from src/main/AndroidManifest.xml:26:13-29:29
action#android.intent.action.MAIN
ADDED from src/main/AndroidManifest.xml:27:17-69
	android:name
		ADDED from src/main/AndroidManifest.xml:27:25-66
category#android.intent.category.LAUNCHER
ADDED from src/main/AndroidManifest.xml:28:17-77
	android:name
		ADDED from src/main/AndroidManifest.xml:28:27-74
activity#com.aware.plugin.upmc.cancer.Settings
ADDED from src/main/AndroidManifest.xml:32:9-35:45
	android:label
		ADDED from src/main/AndroidManifest.xml:35:13-42
	android:exported
		ADDED from src/main/AndroidManifest.xml:34:13-36
	android:name
		ADDED from src/main/AndroidManifest.xml:33:13-37
service#com.aware.plugin.upmc.cancer.Plugin
ADDED from src/main/AndroidManifest.xml:37:9-40:51
	android:label
		ADDED from src/main/AndroidManifest.xml:40:13-48
	android:exported
		ADDED from src/main/AndroidManifest.xml:39:13-36
	android:name
		ADDED from src/main/AndroidManifest.xml:38:13-35
service#com.aware.plugin.upmc.cancer.Survey
ADDED from src/main/AndroidManifest.xml:42:9-45:43
	android:label
		ADDED from src/main/AndroidManifest.xml:45:13-40
	android:exported
		ADDED from src/main/AndroidManifest.xml:44:13-36
	android:name
		ADDED from src/main/AndroidManifest.xml:43:13-35
service#com.aware.Applications
ADDED from src/main/AndroidManifest.xml:47:9-60:19
MERGED from [com.github.denzilferreira:aware-client:development-SNAPSHOT] AndroidManifest.xml:76:9-90:19
MERGED from [com.github.denzilferreira:aware-client:development-SNAPSHOT] AndroidManifest.xml:76:9-90:19
	android:enabled
		ADDED from src/main/AndroidManifest.xml:49:13-35
		REJECTED from [com.github.denzilferreira:aware-client:development-SNAPSHOT] AndroidManifest.xml:78:13-57
	android:exported
		ADDED from src/main/AndroidManifest.xml:50:13-36
	android:permission
		ADDED from src/main/AndroidManifest.xml:51:13-79
	tools:replace
		ADDED from src/main/AndroidManifest.xml:52:13-44
	android:name
		ADDED from src/main/AndroidManifest.xml:48:13-50
intent-filter#android.accessibilityservice.AccessibilityService+android.accessibilityservice.category.FEEDBACK_GENERIC
ADDED from src/main/AndroidManifest.xml:53:13-56:29
action#android.accessibilityservice.AccessibilityService
ADDED from src/main/AndroidManifest.xml:54:17-92
	android:name
		ADDED from src/main/AndroidManifest.xml:54:25-89
category#android.accessibilityservice.category.FEEDBACK_GENERIC
ADDED from src/main/AndroidManifest.xml:55:17-99
	android:name
		ADDED from src/main/AndroidManifest.xml:55:27-96
meta-data#android.accessibilityservice
ADDED from src/main/AndroidManifest.xml:57:13-59:70
MERGED from [com.github.denzilferreira:aware-client:development-SNAPSHOT] AndroidManifest.xml:87:13-89:70
MERGED from [com.github.denzilferreira:aware-client:development-SNAPSHOT] AndroidManifest.xml:87:13-89:70
	android:resource
		ADDED from src/main/AndroidManifest.xml:59:17-67
	android:name
		ADDED from src/main/AndroidManifest.xml:58:17-60
receiver#com.aware.plugin.upmc.cancer.Plugin$SurveyListener
ADDED from src/main/AndroidManifest.xml:69:9-74:20
	android:name
		ADDED from src/main/AndroidManifest.xml:69:19-84
intent-filter#ACTION_CANCER_EMOTION+ACTION_CANCER_SURVEY
ADDED from src/main/AndroidManifest.xml:70:13-73:29
action#ACTION_CANCER_SURVEY
ADDED from src/main/AndroidManifest.xml:71:17-63
	android:name
		ADDED from src/main/AndroidManifest.xml:71:25-60
action#ACTION_CANCER_EMOTION
ADDED from src/main/AndroidManifest.xml:72:17-64
	android:name
		ADDED from src/main/AndroidManifest.xml:72:25-61
uses-sdk
INJECTED from src/main/AndroidManifest.xml reason: use-sdk injection requested
INJECTED from src/main/AndroidManifest.xml
INJECTED from src/main/AndroidManifest.xml
MERGED from [com.google.android.gms:play-services-location:10.0.1] AndroidManifest.xml:3:5-42
MERGED from [com.google.android.gms:play-services-location:10.0.1] AndroidManifest.xml:3:5-42
MERGED from [com.github.denzilferreira:aware-client:development-SNAPSHOT] AndroidManifest.xml:7:5-9:41
MERGED from [com.github.denzilferreira:aware-client:development-SNAPSHOT] AndroidManifest.xml:7:5-9:41
MERGED from [com.android.support:appcompat-v7:27.0.1] AndroidManifest.xml:20:5-44
MERGED from [com.android.support:appcompat-v7:27.0.1] AndroidManifest.xml:20:5-44
MERGED from [com.github.denzilferreira:com.aware.plugin.google.activity_recognition:development-SNAPSHOT] AndroidManifest.xml:8:5-10:41
MERGED from [com.github.denzilferreira:com.aware.plugin.google.activity_recognition:development-SNAPSHOT] AndroidManifest.xml:8:5-10:41
MERGED from [com.github.denzilferreira:com.aware.plugin.device_usage:development-SNAPSHOT] AndroidManifest.xml:8:5-10:41
MERGED from [com.github.denzilferreira:com.aware.plugin.device_usage:development-SNAPSHOT] AndroidManifest.xml:8:5-10:41
MERGED from [com.github.denzilferreira:com.aware.plugin.google.fused_location:development-SNAPSHOT] AndroidManifest.xml:8:5-10:41
MERGED from [com.github.denzilferreira:com.aware.plugin.google.fused_location:development-SNAPSHOT] AndroidManifest.xml:8:5-10:41
MERGED from [com.github.denzilferreira:com.aware.plugin.fitbit:development-SNAPSHOT] AndroidManifest.xml:8:5-10:41
MERGED from [com.github.denzilferreira:com.aware.plugin.fitbit:development-SNAPSHOT] AndroidManifest.xml:8:5-10:41
MERGED from [com.github.denzilferreira:com.aware.plugin.studentlife.audio_final:development-SNAPSHOT] AndroidManifest.xml:8:5-10:41
MERGED from [com.github.denzilferreira:com.aware.plugin.studentlife.audio_final:development-SNAPSHOT] AndroidManifest.xml:8:5-10:41
MERGED from [com.google.android.gms:play-services-base:10.0.1] AndroidManifest.xml:17:5-42
MERGED from [com.google.android.gms:play-services-base:10.0.1] AndroidManifest.xml:17:5-42
MERGED from [com.google.android.gms:play-services-tasks:10.0.1] AndroidManifest.xml:3:5-42
MERGED from [com.google.android.gms:play-services-tasks:10.0.1] AndroidManifest.xml:3:5-42
MERGED from [com.google.android.gms:play-services-basement:10.0.1] AndroidManifest.xml:17:5-42
MERGED from [com.google.android.gms:play-services-basement:10.0.1] AndroidManifest.xml:17:5-42
MERGED from [com.android.support:support-v4:25.2.0] AndroidManifest.xml:21:5-23:54
MERGED from [com.android.support:support-v4:25.2.0] AndroidManifest.xml:21:5-23:54
MERGED from [com.android.support:support-media-compat:25.2.0] AndroidManifest.xml:21:5-23:63
MERGED from [com.android.support:support-media-compat:25.2.0] AndroidManifest.xml:21:5-23:63
MERGED from [com.android.support:animated-vector-drawable:27.0.1] AndroidManifest.xml:20:5-44
MERGED from [com.android.support:animated-vector-drawable:27.0.1] AndroidManifest.xml:20:5-44
MERGED from [com.android.support:support-vector-drawable:27.0.1] AndroidManifest.xml:20:5-44
MERGED from [com.android.support:support-vector-drawable:27.0.1] AndroidManifest.xml:20:5-44
MERGED from [com.android.support:gridlayout-v7:27.0.1] AndroidManifest.xml:20:5-44
MERGED from [com.android.support:gridlayout-v7:27.0.1] AndroidManifest.xml:20:5-44
MERGED from [com.android.support:support-fragment:27.0.1] AndroidManifest.xml:20:5-44
MERGED from [com.android.support:support-fragment:27.0.1] AndroidManifest.xml:20:5-44
MERGED from [com.android.support:support-core-utils:27.0.1] AndroidManifest.xml:20:5-44
MERGED from [com.android.support:support-core-utils:27.0.1] AndroidManifest.xml:20:5-44
MERGED from [com.android.support:support-core-ui:27.0.1] AndroidManifest.xml:20:5-44
MERGED from [com.android.support:support-core-ui:27.0.1] AndroidManifest.xml:20:5-44
MERGED from [com.android.support:support-compat:27.0.1] AndroidManifest.xml:20:5-44
MERGED from [com.android.support:support-compat:27.0.1] AndroidManifest.xml:20:5-44
MERGED from [com.koushikdutta.ion:ion:2.2.1] AndroidManifest.xml:7:5-9:41
MERGED from [com.koushikdutta.ion:ion:2.2.1] AndroidManifest.xml:7:5-9:41
MERGED from [com.koushikdutta.async:androidasync:2.2.1] AndroidManifest.xml:7:5-9:41
MERGED from [com.koushikdutta.async:androidasync:2.2.1] AndroidManifest.xml:7:5-9:41
MERGED from [android.arch.lifecycle:runtime:1.0.0] AndroidManifest.xml:20:5-22:41
MERGED from [android.arch.lifecycle:runtime:1.0.0] AndroidManifest.xml:20:5-22:41
INJECTED from src/main/AndroidManifest.xml
INJECTED from src/main/AndroidManifest.xml
	tools:overrideLibrary
		ADDED from [com.android.support:support-v4:25.2.0] AndroidManifest.xml:23:9-51
	android:targetSdkVersion
		INJECTED from src/main/AndroidManifest.xml
		ADDED from src/main/AndroidManifest.xml
		INJECTED from src/main/AndroidManifest.xml
	android:minSdkVersion
		INJECTED from src/main/AndroidManifest.xml
		ADDED from src/main/AndroidManifest.xml
		INJECTED from src/main/AndroidManifest.xml
uses-permission#com.aware.READ_CONTEXT_DATA
ADDED from [com.github.denzilferreira:aware-client:development-SNAPSHOT] AndroidManifest.xml:11:5-67
	android:name
		ADDED from [com.github.denzilferreira:aware-client:development-SNAPSHOT] AndroidManifest.xml:11:22-64
uses-permission#com.aware.WRITE_CONTEXT_DATA
ADDED from [com.github.denzilferreira:aware-client:development-SNAPSHOT] AndroidManifest.xml:12:5-68
	android:name
		ADDED from [com.github.denzilferreira:aware-client:development-SNAPSHOT] AndroidManifest.xml:12:22-65
uses-permission#android.permission.WRITE_EXTERNAL_STORAGE
ADDED from [com.github.denzilferreira:aware-client:development-SNAPSHOT] AndroidManifest.xml:13:5-81
MERGED from [com.github.denzilferreira:com.aware.plugin.google.fused_location:development-SNAPSHOT] AndroidManifest.xml:14:5-81
MERGED from [com.github.denzilferreira:com.aware.plugin.google.fused_location:development-SNAPSHOT] AndroidManifest.xml:14:5-81
MERGED from [com.github.denzilferreira:com.aware.plugin.studentlife.audio_final:development-SNAPSHOT] AndroidManifest.xml:12:5-81
MERGED from [com.github.denzilferreira:com.aware.plugin.studentlife.audio_final:development-SNAPSHOT] AndroidManifest.xml:12:5-81
	android:name
		ADDED from [com.github.denzilferreira:aware-client:development-SNAPSHOT] AndroidManifest.xml:13:22-78
uses-permission#android.permission.INTERNET
ADDED from [com.github.denzilferreira:aware-client:development-SNAPSHOT] AndroidManifest.xml:14:5-67
MERGED from [com.koushikdutta.ion:ion:2.2.1] AndroidManifest.xml:11:5-67
MERGED from [com.koushikdutta.ion:ion:2.2.1] AndroidManifest.xml:11:5-67
MERGED from [com.koushikdutta.async:androidasync:2.2.1] AndroidManifest.xml:11:5-67
MERGED from [com.koushikdutta.async:androidasync:2.2.1] AndroidManifest.xml:11:5-67
	android:name
		ADDED from [com.github.denzilferreira:aware-client:development-SNAPSHOT] AndroidManifest.xml:14:22-64
uses-permission#android.permission.ACCESS_NETWORK_STATE
ADDED from [com.github.denzilferreira:aware-client:development-SNAPSHOT] AndroidManifest.xml:15:5-79
	android:name
		ADDED from [com.github.denzilferreira:aware-client:development-SNAPSHOT] AndroidManifest.xml:15:22-76
uses-permission#android.permission.READ_SYNC_STATS
ADDED from [com.github.denzilferreira:aware-client:development-SNAPSHOT] AndroidManifest.xml:18:5-74
	android:name
		ADDED from [com.github.denzilferreira:aware-client:development-SNAPSHOT] AndroidManifest.xml:18:22-71
uses-permission#android.permission.READ_SYNC_SETTINGS
ADDED from [com.github.denzilferreira:aware-client:development-SNAPSHOT] AndroidManifest.xml:19:5-77
	android:name
		ADDED from [com.github.denzilferreira:aware-client:development-SNAPSHOT] AndroidManifest.xml:19:22-74
uses-permission#android.permission.WRITE_SYNC_SETTINGS
ADDED from [com.github.denzilferreira:aware-client:development-SNAPSHOT] AndroidManifest.xml:20:5-78
MERGED from [com.github.denzilferreira:com.aware.plugin.google.activity_recognition:development-SNAPSHOT] AndroidManifest.xml:12:5-78
MERGED from [com.github.denzilferreira:com.aware.plugin.google.activity_recognition:development-SNAPSHOT] AndroidManifest.xml:12:5-78
MERGED from [com.github.denzilferreira:com.aware.plugin.device_usage:development-SNAPSHOT] AndroidManifest.xml:12:5-78
MERGED from [com.github.denzilferreira:com.aware.plugin.device_usage:development-SNAPSHOT] AndroidManifest.xml:12:5-78
MERGED from [com.github.denzilferreira:com.aware.plugin.google.fused_location:development-SNAPSHOT] AndroidManifest.xml:15:5-78
MERGED from [com.github.denzilferreira:com.aware.plugin.google.fused_location:development-SNAPSHOT] AndroidManifest.xml:15:5-78
MERGED from [com.github.denzilferreira:com.aware.plugin.fitbit:development-SNAPSHOT] AndroidManifest.xml:12:5-78
MERGED from [com.github.denzilferreira:com.aware.plugin.fitbit:development-SNAPSHOT] AndroidManifest.xml:12:5-78
MERGED from [com.github.denzilferreira:com.aware.plugin.studentlife.audio_final:development-SNAPSHOT] AndroidManifest.xml:14:5-78
MERGED from [com.github.denzilferreira:com.aware.plugin.studentlife.audio_final:development-SNAPSHOT] AndroidManifest.xml:14:5-78
	android:name
		ADDED from [com.github.denzilferreira:aware-client:development-SNAPSHOT] AndroidManifest.xml:20:22-75
uses-permission#android.permission.AUTHENTICATE_ACCOUNTS
ADDED from [com.github.denzilferreira:aware-client:development-SNAPSHOT] AndroidManifest.xml:21:5-23:38
	android:maxSdkVersion
		ADDED from [com.github.denzilferreira:aware-client:development-SNAPSHOT] AndroidManifest.xml:23:9-35
	android:name
		ADDED from [com.github.denzilferreira:aware-client:development-SNAPSHOT] AndroidManifest.xml:22:9-64
uses-permission#android.permission.GET_ACCOUNTS
ADDED from [com.github.denzilferreira:aware-client:development-SNAPSHOT] AndroidManifest.xml:24:5-26:38
	android:maxSdkVersion
		ADDED from [com.github.denzilferreira:aware-client:development-SNAPSHOT] AndroidManifest.xml:26:9-35
	android:name
		ADDED from [com.github.denzilferreira:aware-client:development-SNAPSHOT] AndroidManifest.xml:25:9-55
uses-permission#android.permission.WAKE_LOCK
ADDED from [com.github.denzilferreira:aware-client:development-SNAPSHOT] AndroidManifest.xml:29:5-68
	android:name
		ADDED from [com.github.denzilferreira:aware-client:development-SNAPSHOT] AndroidManifest.xml:29:22-65
uses-permission#android.permission.RECEIVE_BOOT_COMPLETED
ADDED from [com.github.denzilferreira:aware-client:development-SNAPSHOT] AndroidManifest.xml:30:5-81
	android:name
		ADDED from [com.github.denzilferreira:aware-client:development-SNAPSHOT] AndroidManifest.xml:30:22-78
activity#com.aware.ui.ESM_Queue
ADDED from [com.github.denzilferreira:aware-client:development-SNAPSHOT] AndroidManifest.xml:37:9-44:66
	android:excludeFromRecents
		ADDED from [com.github.denzilferreira:aware-client:development-SNAPSHOT] AndroidManifest.xml:40:13-46
	android:launchMode
		ADDED from [com.github.denzilferreira:aware-client:development-SNAPSHOT] AndroidManifest.xml:42:13-43
	android:noHistory
		ADDED from [com.github.denzilferreira:aware-client:development-SNAPSHOT] AndroidManifest.xml:43:13-37
	android:exported
		ADDED from [com.github.denzilferreira:aware-client:development-SNAPSHOT] AndroidManifest.xml:41:13-36
	android:configChanges
		ADDED from [com.github.denzilferreira:aware-client:development-SNAPSHOT] AndroidManifest.xml:39:13-74
	android:theme
		ADDED from [com.github.denzilferreira:aware-client:development-SNAPSHOT] AndroidManifest.xml:44:13-63
	android:name
		ADDED from [com.github.denzilferreira:aware-client:development-SNAPSHOT] AndroidManifest.xml:38:13-50
activity#com.aware.ui.PermissionsHandler
ADDED from [com.github.denzilferreira:aware-client:development-SNAPSHOT] AndroidManifest.xml:45:9-50:66
	android:launchMode
		ADDED from [com.github.denzilferreira:aware-client:development-SNAPSHOT] AndroidManifest.xml:49:13-42
	android:exported
		ADDED from [com.github.denzilferreira:aware-client:development-SNAPSHOT] AndroidManifest.xml:48:13-36
	android:configChanges
		ADDED from [com.github.denzilferreira:aware-client:development-SNAPSHOT] AndroidManifest.xml:47:13-74
	android:theme
		ADDED from [com.github.denzilferreira:aware-client:development-SNAPSHOT] AndroidManifest.xml:50:13-63
	android:name
		ADDED from [com.github.denzilferreira:aware-client:development-SNAPSHOT] AndroidManifest.xml:46:13-59
service#com.aware.utils.Aware_Accounts
ADDED from [com.github.denzilferreira:aware-client:development-SNAPSHOT] AndroidManifest.xml:53:9-61:19
	android:name
		ADDED from [com.github.denzilferreira:aware-client:development-SNAPSHOT] AndroidManifest.xml:53:18-63
intent-filter#android.accounts.AccountAuthenticator
ADDED from [com.github.denzilferreira:aware-client:development-SNAPSHOT] AndroidManifest.xml:54:13-56:29
action#android.accounts.AccountAuthenticator
ADDED from [com.github.denzilferreira:aware-client:development-SNAPSHOT] AndroidManifest.xml:55:17-80
	android:name
		ADDED from [com.github.denzilferreira:aware-client:development-SNAPSHOT] AndroidManifest.xml:55:25-77
meta-data#android.accounts.AccountAuthenticator
ADDED from [com.github.denzilferreira:aware-client:development-SNAPSHOT] AndroidManifest.xml:58:13-60:63
	android:resource
		ADDED from [com.github.denzilferreira:aware-client:development-SNAPSHOT] AndroidManifest.xml:60:17-60
	android:name
		ADDED from [com.github.denzilferreira:aware-client:development-SNAPSHOT] AndroidManifest.xml:59:17-69
service#com.aware.Keyboard
ADDED from [com.github.denzilferreira:aware-client:development-SNAPSHOT] AndroidManifest.xml:64:9-66:39
	android:exported
		ADDED from [com.github.denzilferreira:aware-client:development-SNAPSHOT] AndroidManifest.xml:66:13-36
	android:name
		ADDED from [com.github.denzilferreira:aware-client:development-SNAPSHOT] AndroidManifest.xml:65:13-46
service#com.aware.utils.Scheduler
ADDED from [com.github.denzilferreira:aware-client:development-SNAPSHOT] AndroidManifest.xml:67:9-69:39
	android:exported
		ADDED from [com.github.denzilferreira:aware-client:development-SNAPSHOT] AndroidManifest.xml:69:13-36
	android:name
		ADDED from [com.github.denzilferreira:aware-client:development-SNAPSHOT] AndroidManifest.xml:68:13-53
service#com.aware.Aware
ADDED from [com.github.denzilferreira:aware-client:development-SNAPSHOT] AndroidManifest.xml:70:9-72:39
	android:exported
		ADDED from [com.github.denzilferreira:aware-client:development-SNAPSHOT] AndroidManifest.xml:72:13-36
	android:name
		ADDED from [com.github.denzilferreira:aware-client:development-SNAPSHOT] AndroidManifest.xml:71:13-43
service#com.aware.Aware$JoinStudy
ADDED from [com.github.denzilferreira:aware-client:development-SNAPSHOT] AndroidManifest.xml:73:9-75:39
	android:exported
		ADDED from [com.github.denzilferreira:aware-client:development-SNAPSHOT] AndroidManifest.xml:75:13-36
	android:name
		ADDED from [com.github.denzilferreira:aware-client:development-SNAPSHOT] AndroidManifest.xml:74:13-53
service#com.aware.Applications$BackgroundService
ADDED from [com.github.denzilferreira:aware-client:development-SNAPSHOT] AndroidManifest.xml:91:9-93:39
	android:exported
		ADDED from [com.github.denzilferreira:aware-client:development-SNAPSHOT] AndroidManifest.xml:93:13-36
	android:name
		ADDED from [com.github.denzilferreira:aware-client:development-SNAPSHOT] AndroidManifest.xml:92:13-68
service#com.aware.Locations
ADDED from [com.github.denzilferreira:aware-client:development-SNAPSHOT] AndroidManifest.xml:94:9-96:39
	android:exported
		ADDED from [com.github.denzilferreira:aware-client:development-SNAPSHOT] AndroidManifest.xml:96:13-36
	android:name
		ADDED from [com.github.denzilferreira:aware-client:development-SNAPSHOT] AndroidManifest.xml:95:13-47
service#com.aware.Bluetooth
ADDED from [com.github.denzilferreira:aware-client:development-SNAPSHOT] AndroidManifest.xml:97:9-99:39
	android:exported
		ADDED from [com.github.denzilferreira:aware-client:development-SNAPSHOT] AndroidManifest.xml:99:13-36
	android:name